2020-02-19 20:36:46,817 p=4371 u=student |  PLAY [Calling myrole role to deploy webserver] *****************************************************************
2020-02-19 20:36:46,833 p=4371 u=student |  TASK [Gathering Facts] *****************************************************************************************
2020-02-19 20:36:49,626 p=4371 u=student |  ok: [servera.lab.example.com]
2020-02-19 20:36:49,655 p=4371 u=student |  TASK [myrole : Install HTTPD] **********************************************************************************
2020-02-19 20:36:52,325 p=4371 u=student |  ok: [servera.lab.example.com]
2020-02-19 20:36:52,355 p=4371 u=student |  TASK [myrole : Enable and Start HTTPD] *************************************************************************
2020-02-19 20:36:54,192 p=4371 u=student |  ok: [servera.lab.example.com]
2020-02-19 20:36:54,222 p=4371 u=student |  TASK [myrole : Copy SAMPLE WELCOME index.html file to default root] ********************************************
2020-02-19 20:36:56,159 p=4371 u=student |  ok: [servera.lab.example.com]
2020-02-19 20:36:56,189 p=4371 u=student |  TASK [myrole : Enable Firewall port 80 ( http )] ***************************************************************
2020-02-19 20:36:57,624 p=4371 u=student |  ok: [servera.lab.example.com]
2020-02-19 20:36:57,628 p=4371 u=student |  PLAY RECAP *****************************************************************************************************
2020-02-19 20:36:57,628 p=4371 u=student |  servera.lab.example.com    : ok=5    changed=0    unreachable=0    failed=0    skipped=0    rescued=0    ignored=0   
2020-02-20 01:27:11,431 p=16502 u=student |  # /home/student/role-system/roles
2020-02-20 01:27:11,458 p=16502 u=student |  - apache, 1.0.0 BETA
2020-02-20 01:27:11,472 p=16502 u=student |  - myrole, 1.0.0 BETA
2020-02-20 01:27:11,530 p=16502 u=student |  - steve.mysql, 3.2.5
2020-02-20 01:27:11,531 p=16502 u=student |  # /usr/share/ansible/roles
2020-02-20 01:27:11,550 p=16502 u=student |  - linux-system-roles.kdump, (unknown version)
2020-02-20 01:27:11,574 p=16502 u=student |  - linux-system-roles.network, (unknown version)
2020-02-20 01:27:11,596 p=16502 u=student |  - linux-system-roles.postfix, (unknown version)
2020-02-20 01:27:11,606 p=16502 u=student |  - linux-system-roles.selinux, (unknown version)
2020-02-20 01:27:11,623 p=16502 u=student |  - linux-system-roles.timesync, (unknown version)
2020-02-20 01:27:11,632 p=16502 u=student |  - rhel-system-roles.kdump, (unknown version)
2020-02-20 01:27:11,637 p=16502 u=student |  - rhel-system-roles.network, (unknown version)
2020-02-20 01:27:11,646 p=16502 u=student |  - rhel-system-roles.postfix, (unknown version)
2020-02-20 01:27:11,654 p=16502 u=student |  - rhel-system-roles.selinux, (unknown version)
2020-02-20 01:27:11,661 p=16502 u=student |  - rhel-system-roles.timesync, (unknown version)
2020-02-20 01:27:11,663 p=16502 u=student |  # /etc/ansible/roles
2020-02-20 01:28:09,664 p=16555 u=student |  - downloading role 'manage-lvm', owned by mrlesmithjr
2020-02-20 01:28:12,557 p=16555 u=student |  - downloading role from https://github.com/mrlesmithjr/ansible-manage-lvm/archive/v0.1.5.tar.gz
2020-02-20 01:28:15,114 p=16555 u=student |  - extracting mrlesmithjr.manage-lvm to /home/student/role-system/roles/mrlesmithjr.manage-lvm
2020-02-20 01:28:15,124 p=16555 u=student |  - mrlesmithjr.manage-lvm (v0.1.5) was installed successfully
2020-02-20 01:33:22,007 p=16850 u=student |  ERROR! Syntax Error while loading YAML.
  could not find expected ':'

The error appears to be in '/home/student/role-system/lvm_demo.yml': line 9, column 9, but may
be elsewhere in the file depending on the exact syntax problem.

The offending line appears to be:

        ¦ - /dev/vdb
        create: true
        ^ here

2020-02-20 01:34:23,314 p=16875 u=student |  ERROR! Syntax Error while loading YAML.
  mapping values are not allowed in this context

The error appears to be in '/home/student/role-system/lvm_demo.yml': line 12, column 18, but may
be elsewhere in the file depending on the exact syntax problem.

The offending line appears to be:

        ¦ - lvname: mylv1
             size: 1g
                 ^ here

2020-02-20 01:35:25,672 p=16900 u=student |  ERROR! Syntax Error while loading YAML.
  mapping values are not allowed in this context

The error appears to be in '/home/student/role-system/lvm_demo.yml': line 12, column 18, but may
be elsewhere in the file depending on the exact syntax problem.

The offending line appears to be:

        ¦ - lvname: mylv1
             size: 1g
                 ^ here

2020-02-20 01:36:11,396 p=16925 u=student |  ERROR! Syntax Error while loading YAML.
  mapping values are not allowed in this context

The error appears to be in '/home/student/role-system/lvm_demo.yml': line 12, column 17, but may
be elsewhere in the file depending on the exact syntax problem.

The offending line appears to be:

        ¦ - lvname: mylv1
            size: 1g
                ^ here

2020-02-20 01:36:14,804 p=16941 u=student |  ERROR! Syntax Error while loading YAML.
  mapping values are not allowed in this context

The error appears to be in '/home/student/role-system/lvm_demo.yml': line 12, column 17, but may
be elsewhere in the file depending on the exact syntax problem.

The offending line appears to be:

        ¦ - lvname: mylv1
            size: 1g
                ^ here

2020-02-20 01:37:08,520 p=16967 u=student |  ERROR! Syntax Error while loading YAML.
  mapping values are not allowed in this context

The error appears to be in '/home/student/role-system/lvm_demo.yml': line 12, column 17, but may
be elsewhere in the file depending on the exact syntax problem.

The offending line appears to be:

        ¦ - lvname: mylv1
            size: 1g
                ^ here

2020-02-20 01:39:16,708 p=17000 u=student |  ERROR! the role 'ansible-manage-lvm' was not found in /home/student/role-system/roles:/home/student/role-system/roles:/usr/share/ansible/roles:/etc/ansible/roles:/home/student/role-system

The error appears to be in '/home/student/role-system/lvm_demo.yml': line 20, column 7, but may
be elsewhere in the file depending on the exact syntax problem.

The offending line appears to be:

  roles:
    - role: ansible-manage-lvm
      ^ here

2020-02-20 01:39:38,201 p=17026 u=student |  ERROR! the role 'ansible-manage-lvm' was not found in /home/student/role-system/roles:/home/student/role-system/roles:/usr/share/ansible/roles:/etc/ansible/roles:/home/student/role-system

The error appears to be in '/home/student/role-system/lvm_demo.yml': line 20, column 6, but may
be elsewhere in the file depending on the exact syntax problem.

The offending line appears to be:

  roles:
   - role: ansible-manage-lvm
     ^ here

2020-02-20 01:40:25,641 p=17174 u=student |  playbook: lvm_demo.yml
2020-02-20 01:42:02,734 p=17452 u=student |  PLAY [create and define LVM] ***********************************************************************************
2020-02-20 01:42:02,764 p=17452 u=student |  TASK [Gathering Facts] *****************************************************************************************
2020-02-20 01:42:06,233 p=17452 u=student |  ok: [serverb.lab.example.com]
2020-02-20 01:42:06,260 p=17452 u=student |  TASK [steve.lvm : debian | installing pre-reqs] ****************************************************************
2020-02-20 01:42:06,351 p=17452 u=student |  skipping: [serverb.lab.example.com]
2020-02-20 01:42:06,403 p=17452 u=student |  TASK [steve.lvm : debian | checking for scsi devices] **********************************************************
2020-02-20 01:42:06,457 p=17452 u=student |  skipping: [serverb.lab.example.com]
2020-02-20 01:42:06,507 p=17452 u=student |  TASK [steve.lvm : debian | rescanning for new disks added] *****************************************************
2020-02-20 01:42:06,560 p=17452 u=student |  skipping: [serverb.lab.example.com]
2020-02-20 01:42:06,601 p=17452 u=student |  TASK [steve.lvm : centos | installing lvm2] ********************************************************************
2020-02-20 01:42:09,887 p=17452 u=student |  ok: [serverb.lab.example.com]
2020-02-20 01:42:09,914 p=17452 u=student |  TASK [steve.lvm : centos | installing sg3_utils] ***************************************************************
2020-02-20 01:42:12,874 p=17452 u=student |  ok: [serverb.lab.example.com]
2020-02-20 01:42:12,988 p=17452 u=student |  TASK [steve.lvm : centos | checking for scsi devices] **********************************************************
2020-02-20 01:42:14,429 p=17452 u=student |  ok: [serverb.lab.example.com]
2020-02-20 01:42:14,470 p=17452 u=student |  TASK [steve.lvm : centos | rescanning for new disks] ***********************************************************
2020-02-20 01:42:17,208 p=17452 u=student |  ok: [serverb.lab.example.com]
2020-02-20 01:42:17,244 p=17452 u=student |  TASK [steve.lvm : manage_lvm | creating new LVM volume group(s)] ***********************************************
2020-02-20 01:42:19,222 p=17452 u=student |  changed: [serverb.lab.example.com] => (item={'vgname': 'myvg0', 'disks': ['/dev/vdb'], 'create': True, 'lvnames': [{'lvname': 'mylv1', 'size': '1g', 'create': True, 'filesystem': 'ext4', 'mount': True, 'mntp': '/mnt/data'}]})
2020-02-20 01:42:19,224 p=17452 u=student |   [WARNING]: The value 4 (type int) in a string field was converted to '4' (type string). If this does not look
like what you expect, quote the entire value to ensure it does not change.

2020-02-20 01:42:19,291 p=17452 u=student |  TASK [steve.lvm : manage_lvm | creating new LVM logical volume(s)] *********************************************
2020-02-20 01:42:20,976 p=17452 u=student |  changed: [serverb.lab.example.com] => (item=[{'vgname': 'myvg0', 'disks': ['/dev/vdb'], 'create': True}, {'lvname': 'mylv1', 'size': '1g', 'create': True, 'filesystem': 'ext4', 'mount': True, 'mntp': '/mnt/data'}])
2020-02-20 01:42:21,036 p=17452 u=student |  TASK [steve.lvm : manage_lvm | creating new filesystem on new LVM logical volume(s)] ***************************
2020-02-20 01:42:23,401 p=17452 u=student |  changed: [serverb.lab.example.com] => (item=[{'vgname': 'myvg0', 'disks': ['/dev/vdb'], 'create': True}, {'lvname': 'mylv1', 'size': '1g', 'create': True, 'filesystem': 'ext4', 'mount': True, 'mntp': '/mnt/data'}])
2020-02-20 01:42:23,455 p=17452 u=student |  TASK [steve.lvm : manage_lvm | mounting new filesystem(s)] *****************************************************
2020-02-20 01:42:24,988 p=17452 u=student |  changed: [serverb.lab.example.com] => (item=[{'vgname': 'myvg0', 'disks': ['/dev/vdb'], 'create': True}, {'lvname': 'mylv1', 'size': '1g', 'create': True, 'filesystem': 'ext4', 'mount': True, 'mntp': '/mnt/data'}])
2020-02-20 01:42:25,078 p=17452 u=student |  TASK [steve.lvm : manage_lvm | resizing filesystem] ************************************************************
2020-02-20 01:42:26,081 p=17452 u=student |  changed: [serverb.lab.example.com] => (item=[{'vgname': 'myvg0', 'disks': ['/dev/vdb'], 'create': True}, {'lvname': 'mylv1', 'size': '1g', 'create': True, 'filesystem': 'ext4', 'mount': True, 'mntp': '/mnt/data'}])
2020-02-20 01:42:26,172 p=17452 u=student |  TASK [steve.lvm : manage_lvm | resizing xfs] *******************************************************************
2020-02-20 01:42:26,252 p=17452 u=student |  skipping: [serverb.lab.example.com] => (item=[{'vgname': 'myvg0', 'disks': ['/dev/vdb'], 'create': True}, {'lvname': 'mylv1', 'size': '1g', 'create': True, 'filesystem': 'ext4', 'mount': True, 'mntp': '/mnt/data'}]) 
2020-02-20 01:42:26,307 p=17452 u=student |  TASK [steve.lvm : manage_lvm | resizing swap] ******************************************************************
2020-02-20 01:42:26,395 p=17452 u=student |  skipping: [serverb.lab.example.com] => (item=[{'vgname': 'myvg0', 'disks': ['/dev/vdb'], 'create': True}, {'lvname': 'mylv1', 'size': '1g', 'create': True, 'filesystem': 'ext4', 'mount': True, 'mntp': '/mnt/data'}]) 
2020-02-20 01:42:26,477 p=17452 u=student |  TASK [steve.lvm : manage_lvm | resizing btrfs] *****************************************************************
2020-02-20 01:42:26,629 p=17452 u=student |  skipping: [serverb.lab.example.com] => (item=[{'vgname': 'myvg0', 'disks': ['/dev/vdb'], 'create': True}, {'lvname': 'mylv1', 'size': '1g', 'create': True, 'filesystem': 'ext4', 'mount': True, 'mntp': '/mnt/data'}]) 
2020-02-20 01:42:26,691 p=17452 u=student |  TASK [steve.lvm : manage_lvm | unmounting filesystem(s)] *******************************************************
2020-02-20 01:42:26,842 p=17452 u=student |  skipping: [serverb.lab.example.com] => (item=[{'vgname': 'myvg0', 'disks': ['/dev/vdb'], 'create': True}, {'lvname': 'mylv1', 'size': '1g', 'create': True, 'filesystem': 'ext4', 'mount': True, 'mntp': '/mnt/data'}]) 
2020-02-20 01:42:26,922 p=17452 u=student |  TASK [steve.lvm : manage_lvm | Removing LVM logical volume(s)] *************************************************
2020-02-20 01:42:27,057 p=17452 u=student |  skipping: [serverb.lab.example.com] => (item=[{'vgname': 'myvg0', 'disks': ['/dev/vdb'], 'create': True}, {'lvname': 'mylv1', 'size': '1g', 'create': True, 'filesystem': 'ext4', 'mount': True, 'mntp': '/mnt/data'}]) 
2020-02-20 01:42:27,142 p=17452 u=student |  TASK [steve.lvm : manage_lvm | Removing LVM volume group(s)] ***************************************************
2020-02-20 01:42:27,224 p=17452 u=student |  skipping: [serverb.lab.example.com] => (item={'vgname': 'myvg0', 'disks': ['/dev/vdb'], 'create': True, 'lvnames': [{'lvname': 'mylv1', 'size': '1g', 'create': True, 'filesystem': 'ext4', 'mount': True, 'mntp': '/mnt/data'}]}) 
2020-02-20 01:42:27,290 p=17452 u=student |  PLAY RECAP *****************************************************************************************************
2020-02-20 01:42:27,291 p=17452 u=student |  serverb.lab.example.com    : ok=10   changed=5    unreachable=0    failed=0    skipped=9    rescued=0    ignored=0   
2020-02-20 02:01:21,827 p=17965 u=student |  # /home/student/role-system/roles
2020-02-20 02:01:21,850 p=17965 u=student |  - apache, 1.0.0 BETA
2020-02-20 02:01:21,857 p=17965 u=student |  - myrole, 1.0.0 BETA
2020-02-20 02:01:21,868 p=17965 u=student |  - steve.mysql, 3.2.5
2020-02-20 02:01:21,875 p=17965 u=student |  - steve.lvm, v0.1.5
2020-02-20 02:01:21,876 p=17965 u=student |  # /usr/share/ansible/roles
2020-02-20 02:01:21,883 p=17965 u=student |  - linux-system-roles.kdump, (unknown version)
2020-02-20 02:01:21,890 p=17965 u=student |  - linux-system-roles.network, (unknown version)
2020-02-20 02:01:21,896 p=17965 u=student |  - linux-system-roles.postfix, (unknown version)
2020-02-20 02:01:21,903 p=17965 u=student |  - linux-system-roles.selinux, (unknown version)
2020-02-20 02:01:21,916 p=17965 u=student |  - linux-system-roles.timesync, (unknown version)
2020-02-20 02:01:21,926 p=17965 u=student |  - rhel-system-roles.kdump, (unknown version)
2020-02-20 02:01:21,933 p=17965 u=student |  - rhel-system-roles.network, (unknown version)
2020-02-20 02:01:21,940 p=17965 u=student |  - rhel-system-roles.postfix, (unknown version)
2020-02-20 02:01:21,947 p=17965 u=student |  - rhel-system-roles.selinux, (unknown version)
2020-02-20 02:01:21,954 p=17965 u=student |  - rhel-system-roles.timesync, (unknown version)
2020-02-20 02:01:21,954 p=17965 u=student |  # /etc/ansible/roles
2020-02-20 02:03:28,245 p=18057 u=student |  PLAY [create and define LVM] ***********************************************************************************
2020-02-20 02:03:28,270 p=18057 u=student |  TASK [Gathering Facts] *****************************************************************************************
2020-02-20 02:03:31,587 p=18057 u=student |  ok: [servera.lab.example.com]
2020-02-20 02:03:31,618 p=18057 u=student |  TASK [steve.lvm : debian | installing pre-reqs] ****************************************************************
2020-02-20 02:03:31,775 p=18057 u=student |  skipping: [servera.lab.example.com]
2020-02-20 02:03:31,809 p=18057 u=student |  TASK [steve.lvm : debian | checking for scsi devices] **********************************************************
2020-02-20 02:03:31,853 p=18057 u=student |  skipping: [servera.lab.example.com]
2020-02-20 02:03:31,909 p=18057 u=student |  TASK [steve.lvm : debian | rescanning for new disks added] *****************************************************
2020-02-20 02:03:31,989 p=18057 u=student |  skipping: [servera.lab.example.com]
2020-02-20 02:03:32,024 p=18057 u=student |  TASK [steve.lvm : centos | installing lvm2] ********************************************************************
2020-02-20 02:03:35,338 p=18057 u=student |  ok: [servera.lab.example.com]
2020-02-20 02:03:35,376 p=18057 u=student |  TASK [steve.lvm : centos | installing sg3_utils] ***************************************************************
2020-02-20 02:03:37,847 p=18057 u=student |  ok: [servera.lab.example.com]
2020-02-20 02:03:37,883 p=18057 u=student |  TASK [steve.lvm : centos | checking for scsi devices] **********************************************************
2020-02-20 02:03:39,177 p=18057 u=student |  ok: [servera.lab.example.com]
2020-02-20 02:03:39,207 p=18057 u=student |  TASK [steve.lvm : centos | rescanning for new disks] ***********************************************************
2020-02-20 02:03:41,694 p=18057 u=student |  ok: [servera.lab.example.com]
2020-02-20 02:03:41,737 p=18057 u=student |  TASK [steve.lvm : manage_lvm | creating new LVM volume group(s)] ***********************************************
2020-02-20 02:03:43,434 p=18057 u=student |  changed: [servera.lab.example.com] => (item={'vgname': 'myvg0', 'disks': ['/dev/vdb'], 'create': True, 'lvnames': [{'lvname': 'mylv1', 'size': '1g', 'create': True, 'filesystem': 'ext4', 'mount': True, 'mntp': '/mnt/data'}]})
2020-02-20 02:03:43,437 p=18057 u=student |   [WARNING]: The value 4 (type int) in a string field was converted to '4' (type string). If this does not look
like what you expect, quote the entire value to ensure it does not change.

2020-02-20 02:03:43,475 p=18057 u=student |  TASK [steve.lvm : manage_lvm | creating new LVM logical volume(s)] *********************************************
2020-02-20 02:03:45,172 p=18057 u=student |  changed: [servera.lab.example.com] => (item=[{'vgname': 'myvg0', 'disks': ['/dev/vdb'], 'create': True}, {'lvname': 'mylv1', 'size': '1g', 'create': True, 'filesystem': 'ext4', 'mount': True, 'mntp': '/mnt/data'}])
2020-02-20 02:03:45,209 p=18057 u=student |  TASK [steve.lvm : manage_lvm | creating new filesystem on new LVM logical volume(s)] ***************************
2020-02-20 02:03:47,039 p=18057 u=student |  changed: [servera.lab.example.com] => (item=[{'vgname': 'myvg0', 'disks': ['/dev/vdb'], 'create': True}, {'lvname': 'mylv1', 'size': '1g', 'create': True, 'filesystem': 'ext4', 'mount': True, 'mntp': '/mnt/data'}])
2020-02-20 02:03:47,120 p=18057 u=student |  TASK [steve.lvm : manage_lvm | mounting new filesystem(s)] *****************************************************
2020-02-20 02:03:48,645 p=18057 u=student |  changed: [servera.lab.example.com] => (item=[{'vgname': 'myvg0', 'disks': ['/dev/vdb'], 'create': True}, {'lvname': 'mylv1', 'size': '1g', 'create': True, 'filesystem': 'ext4', 'mount': True, 'mntp': '/mnt/data'}])
2020-02-20 02:03:48,731 p=18057 u=student |  TASK [steve.lvm : manage_lvm | resizing filesystem] ************************************************************
2020-02-20 02:03:49,793 p=18057 u=student |  changed: [servera.lab.example.com] => (item=[{'vgname': 'myvg0', 'disks': ['/dev/vdb'], 'create': True}, {'lvname': 'mylv1', 'size': '1g', 'create': True, 'filesystem': 'ext4', 'mount': True, 'mntp': '/mnt/data'}])
2020-02-20 02:03:49,876 p=18057 u=student |  TASK [steve.lvm : manage_lvm | resizing xfs] *******************************************************************
2020-02-20 02:03:49,988 p=18057 u=student |  skipping: [servera.lab.example.com] => (item=[{'vgname': 'myvg0', 'disks': ['/dev/vdb'], 'create': True}, {'lvname': 'mylv1', 'size': '1g', 'create': True, 'filesystem': 'ext4', 'mount': True, 'mntp': '/mnt/data'}]) 
2020-02-20 02:03:50,082 p=18057 u=student |  TASK [steve.lvm : manage_lvm | resizing swap] ******************************************************************
2020-02-20 02:03:50,200 p=18057 u=student |  skipping: [servera.lab.example.com] => (item=[{'vgname': 'myvg0', 'disks': ['/dev/vdb'], 'create': True}, {'lvname': 'mylv1', 'size': '1g', 'create': True, 'filesystem': 'ext4', 'mount': True, 'mntp': '/mnt/data'}]) 
2020-02-20 02:03:50,287 p=18057 u=student |  TASK [steve.lvm : manage_lvm | resizing btrfs] *****************************************************************
2020-02-20 02:03:50,376 p=18057 u=student |  skipping: [servera.lab.example.com] => (item=[{'vgname': 'myvg0', 'disks': ['/dev/vdb'], 'create': True}, {'lvname': 'mylv1', 'size': '1g', 'create': True, 'filesystem': 'ext4', 'mount': True, 'mntp': '/mnt/data'}]) 
2020-02-20 02:03:50,433 p=18057 u=student |  TASK [steve.lvm : manage_lvm | unmounting filesystem(s)] *******************************************************
2020-02-20 02:03:50,634 p=18057 u=student |  skipping: [servera.lab.example.com] => (item=[{'vgname': 'myvg0', 'disks': ['/dev/vdb'], 'create': True}, {'lvname': 'mylv1', 'size': '1g', 'create': True, 'filesystem': 'ext4', 'mount': True, 'mntp': '/mnt/data'}]) 
2020-02-20 02:03:50,691 p=18057 u=student |  TASK [steve.lvm : manage_lvm | Removing LVM logical volume(s)] *************************************************
2020-02-20 02:03:50,802 p=18057 u=student |  skipping: [servera.lab.example.com] => (item=[{'vgname': 'myvg0', 'disks': ['/dev/vdb'], 'create': True}, {'lvname': 'mylv1', 'size': '1g', 'create': True, 'filesystem': 'ext4', 'mount': True, 'mntp': '/mnt/data'}]) 
2020-02-20 02:03:50,856 p=18057 u=student |  TASK [steve.lvm : manage_lvm | Removing LVM volume group(s)] ***************************************************
2020-02-20 02:03:51,028 p=18057 u=student |  skipping: [servera.lab.example.com] => (item={'vgname': 'myvg0', 'disks': ['/dev/vdb'], 'create': True, 'lvnames': [{'lvname': 'mylv1', 'size': '1g', 'create': True, 'filesystem': 'ext4', 'mount': True, 'mntp': '/mnt/data'}]}) 
2020-02-20 02:03:51,036 p=18057 u=student |  PLAY RECAP *****************************************************************************************************
2020-02-20 02:03:51,037 p=18057 u=student |  servera.lab.example.com    : ok=10   changed=5    unreachable=0    failed=0    skipped=9    rescued=0    ignored=0   
